<?xml version="1.0" encoding="UTF-8"?>
<testng-results skipped="0" failed="0" ignored="0" total="1" passed="1">
  <reporter-output>
  </reporter-output>
  <suite name="Default suite" duration-ms="46" started-at="2017-12-02T19:56:10Z" finished-at="2017-12-02T19:56:11Z">
    <groups>
    </groups>
    <test name="Default test" duration-ms="46" started-at="2017-12-02T19:56:10Z" finished-at="2017-12-02T19:56:11Z">
      <class name="NewTest">
        <test-method status="PASS" signature="f()[pri:0, instance:NewTest@66d2e7d9]" name="f" duration-ms="14" started-at="2017-12-03T01:26:11Z" finished-at="2017-12-03T01:26:11Z">
          <reporter-output>
          </reporter-output>
        </test-method> <!-- f -->
      </class> <!-- NewTest -->
    </test> <!-- Default test -->
  </suite> <!-- Default suite -->
</testng-results>
