<?xml version="1.0" encoding="UTF-8"?>
<testng-results skipped="0" failed="0" ignored="0" total="1" passed="1">
  <reporter-output>
  </reporter-output>
  <suite name="Default suite" duration-ms="46" started-at="2017-12-02T19:57:23Z" finished-at="2017-12-02T19:57:23Z">
    <groups>
    </groups>
    <test name="Default test" duration-ms="46" started-at="2017-12-02T19:57:23Z" finished-at="2017-12-02T19:57:23Z">
      <class name="NewTest">
        <test-method status="PASS" signature="TFS_01()[pri:0, instance:NewTest@3c756e4d]" name="TFS_01" duration-ms="17" started-at="2017-12-03T01:27:23Z" finished-at="2017-12-03T01:27:23Z">
          <reporter-output>
          </reporter-output>
        </test-method> <!-- TFS_01 -->
      </class> <!-- NewTest -->
    </test> <!-- Default test -->
  </suite> <!-- Default suite -->
</testng-results>
